HEAD is now at 89e4699 Set version to v0.14.2
  Activating project at `/pool/david/cunumeric-play/new-build-separation/Legate.jl`
    Updating git-repo `https://github.com/ejmeitz/legate_jll.jl.git`
   Resolving package versions...
    Updating `/pool/david/cunumeric-play/new-build-separation/Legate.jl/Project.toml`
  [1f15a43c] + CxxWrap v0.17.1
  [e95fb1d3] + legate_jll v25.5.0+0 `https://github.com/ejmeitz/legate_jll.jl.git#main`
  [3eaa8342] + libcxxwrap_julia_jll v0.14.3+0
  [44cfe95a] ~ Pkg ⇒ v1.10.0
    Updating `/pool/david/cunumeric-play/new-build-separation/Legate.jl/Manifest.toml`
  [1f15a43c] + CxxWrap v0.17.1
  [692b3bcd] + JLLWrappers v1.7.0
  [3da0fdf6] + MPIPreferences v0.1.11
  [1914dd2f] + MacroTools v0.5.16
  [21216c6a] + Preferences v1.4.3
  [4ee394cb] + CUDA_Driver_jll v0.13.0+0
  [76a88914] + CUDA_Runtime_jll v0.17.0+0
  [0234f1f7] + HDF5_jll v1.14.6+0
  [e33a78d0] + Hwloc_jll v2.12.1+0
  [7cb0a576] + MPICH_jll v4.3.0+1
  [f1f71cc9] + MPItrampoline_jll v5.5.3+0
  [9237b28f] + MicrosoftMPI_jll v10.1.4+3
  [4d6d38e4] + NCCL_jll v2.26.5+1
  [fe0851c0] + OpenMPI_jll v5.0.7+2
  [458c3c95] + OpenSSL_jll v3.5.0+0
  [e95fb1d3] + legate_jll v25.5.0+0 `https://github.com/ejmeitz/legate_jll.jl.git#main`
  [477f73a3] + libaec_jll v1.1.3+0
  [3eaa8342] + libcxxwrap_julia_jll v0.14.3+0
  [0dad84c5] + ArgTools v1.1.1
  [56f22d72] + Artifacts
  [2a0f44e3] + Base64
  [ade2ca70] + Dates
  [f43a241f] + Downloads v1.6.0
  [7b1f6079] + FileWatching
  [b77e0a4c] + InteractiveUtils
  [4af54fe1] + LazyArtifacts
  [b27032c2] + LibCURL v0.6.4
  [76f85450] + LibGit2
  [8f399da3] + Libdl
  [56ddb016] + Logging
  [d6f4376e] + Markdown
  [ca575930] + NetworkOptions v1.2.0
  [44cfe95a] + Pkg v1.10.0
  [de0858da] + Printf
  [3fa0cd96] + REPL
  [9a3f8284] + Random
  [ea8e919c] + SHA v0.7.0
  [9e88b42a] + Serialization
  [6462fe0b] + Sockets
  [fa267f1f] + TOML v1.0.3
  [a4e569a6] + Tar v1.10.0
  [cf7118a7] + UUIDs
  [4ec0a83e] + Unicode
  [e66e0078] + CompilerSupportLibraries_jll v1.1.1+0
  [deac9b47] + LibCURL_jll v8.4.0+0
  [e37daf67] + LibGit2_jll v1.6.4+0
  [29816b5a] + LibSSH2_jll v1.11.0+1
  [c8ffd9c3] + MbedTLS_jll v2.28.2+1
  [14a3606d] + MozillaCACerts_jll v2023.1.10
  [83775a58] + Zlib_jll v1.2.13+1
  [8e850ede] + nghttp2_jll v1.52.0+1
  [3f19e933] + p7zip_jll v17.4.0+2
Precompiling packages...
           ✗ Legate
  0 dependencies successfully precompiled in 5 seconds. 21 already precompiled.

The following 1 direct dependency failed to precompile:

Legate 

Failed to precompile Legate [1238f2cf-6593-4d60-9aca-2f5364e49909] to "/home/david/.julia/compiled/v1.10/Legate/jl_AgGCrH".
ERROR: LoadError: could not load library "/pool/david/cunumeric-play/new-build-separation/Legate.jl/src/../wrapper/build/liblegatewrapper.so"
/pool/david/cunumeric-play/new-build-separation/Legate.jl/src/../wrapper/build/liblegatewrapper.so: cannot open shared object file: No such file or directory
Stacktrace:
 [1] dlopen(s::String, flags::UInt32; throw_error::Bool)
   @ Base.Libc.Libdl ./libdl.jl:117
 [2] dlopen
   @ ./libdl.jl:116 [inlined]
 [3] readmodule(so_path_cb::Legate.var"#1#2", funcname::Symbol, m::Module, flags::Nothing)
   @ CxxWrap.CxxWrapCore ~/.julia/packages/CxxWrap/zIBMO/src/CxxWrap.jl:828
 [4] wrapmodule(so_path_cb::Function, funcname::Symbol, m::Module, flags::Nothing)
   @ CxxWrap.CxxWrapCore ~/.julia/packages/CxxWrap/zIBMO/src/CxxWrap.jl:839
 [5] top-level scope
   @ /pool/david/cunumeric-play/new-build-separation/Legate.jl/src/Legate.jl:7
 [6] include
   @ ./Base.jl:495 [inlined]
 [7] include_package_for_output(pkg::Base.PkgId, input::String, depot_path::Vector{String}, dl_load_path::Vector{String}, load_path::Vector{String}, concrete_deps::Vector{Pair{Base.PkgId, UInt128}}, source::Nothing)
   @ Base ./loading.jl:2292
 [8] top-level scope
   @ stdin:4
in expression starting at /pool/david/cunumeric-play/new-build-separation/Legate.jl/src/Legate.jl:1
in expression starting at stdin:  No Changes to `/pool/david/cunumeric-play/new-build-separation/Legate.jl/Project.toml`
  No Changes to `/pool/david/cunumeric-play/new-build-separation/Legate.jl/Manifest.toml`
  Activating project at `/pool/david/cunumeric-play/new-build-separation/Legate.jl`
     Cloning git-repo `https://github.com/JuliaBinaryWrappers/libcxxwrap_julia_jll.jl.git`
   Resolving package versions...
    Updating `/pool/david/cunumeric-play/new-build-separation/Legate.jl/Project.toml`
  [3eaa8342] ~ libcxxwrap_julia_jll v0.14.3+0 ⇒ v0.14.3+0 `~/.julia/dev/libcxxwrap_julia_jll`
    Updating `/pool/david/cunumeric-play/new-build-separation/Legate.jl/Manifest.toml`
  [3eaa8342] ~ libcxxwrap_julia_jll v0.14.3+0 ⇒ v0.14.3+0 `~/.julia/dev/libcxxwrap_julia_jll`
   Resolving package versions...
    Updating `/tmp/jl_Vq4I48/Project.toml`
  [3eaa8342] + libcxxwrap_julia_jll v0.14.3+0 `~/.julia/dev/libcxxwrap_julia_jll`
    Updating `/tmp/jl_Vq4I48/Manifest.toml`
  [692b3bcd] + JLLWrappers v1.7.0
  [21216c6a] + Preferences v1.4.3
  [3eaa8342] + libcxxwrap_julia_jll v0.14.3+0 `~/.julia/dev/libcxxwrap_julia_jll`
  [56f22d72] + Artifacts
  [ade2ca70] + Dates
  [8f399da3] + Libdl
  [de0858da] + Printf
  [fa267f1f] + TOML v1.0.3
  [4ec0a83e] + Unicode
[ Info: libcxxwrap_julia_jll dev'ed out to /home/david/.julia/dev/libcxxwrap_julia_jll with pre-populated override directory
